app/build/outputs/logs/manifest-merger-debug-report.txt
-- Merging decision tree log ---
manifest
ADDED from src\main\AndroidManifest.xml:2:1-230:12
	xmlns:android
		ADDED from src\main\AndroidManifest.xml:2:11-69
	package
		ADDED from src\main\AndroidManifest.xml:3:11-33
		INJECTED from src\main\AndroidManifest.xml
		INJECTED from src\main\AndroidManifest.xml
	android:versionName
		ADDED from src\main\AndroidManifest.xml:5:11-36
		INJECTED from src\main\AndroidManifest.xml
		INJECTED from src\main\AndroidManifest.xml
	android:versionCode
		ADDED from src\main\AndroidManifest.xml:4:11-34
		INJECTED from src\main\AndroidManifest.xml
		INJECTED from src\main\AndroidManifest.xml
uses-sdk
ADDED from src\main\AndroidManifest.xml:7:5-9:11
	android:targetSdkVersion
		INJECTED from src\main\AndroidManifest.xml
		INJECTED from src\main\AndroidManifest.xml
	android:minSdkVersion
		ADDED from src\main\AndroidManifest.xml:8:9-34
		INJECTED from src\main\AndroidManifest.xml
		INJECTED from src\main\AndroidManifest.xml
uses-permission#android.permission.VIBRATE
ADDED from src\main\AndroidManifest.xml:10:5-66
	android:name
		ADDED from src\main\AndroidManifest.xml:10:22-63
uses-permission#android.webkit.permission.PLUGIN
ADDED from src\main\AndroidManifest.xml:11:5-72
	android:name
		ADDED from src\main\AndroidManifest.xml:11:22-69
uses-permission#android.permission.CHANGE_NETWORK_STATE
ADDED from src\main\AndroidManifest.xml:12:5-79
	android:name
		ADDED from src\main\AndroidManifest.xml:12:22-76
uses-permission#android.permission.SEND_SMS
ADDED from src\main\AndroidManifest.xml:13:5-67
	android:name
		ADDED from src\main\AndroidManifest.xml:13:22-64
uses-permission#android.permission.WRITE_SETTINGS
ADDED from src\main\AndroidManifest.xml:14:5-73
	android:name
		ADDED from src\main\AndroidManifest.xml:14:22-70
uses-permission#android.permission.INTERNET
ADDED from src\main\AndroidManifest.xml:16:5-66
	android:name
		ADDED from src\main\AndroidManifest.xml:16:22-64
uses-permission#android.permission.WRITE_EXTERNAL_STORAGE
ADDED from src\main\AndroidManifest.xml:17:5-81
	android:name
		ADDED from src\main\AndroidManifest.xml:17:22-78
uses-permission#android.permission.CHANGE_WIFI_STATE
ADDED from src\main\AndroidManifest.xml:18:5-76
	android:name
		ADDED from src\main\AndroidManifest.xml:18:22-73
uses-permission#android.permission.WAKE_LOCK
ADDED from src\main\AndroidManifest.xml:19:5-68
	android:name
		ADDED from src\main\AndroidManifest.xml:19:22-65
uses-permission#android.permission.ACCESS_NETWORK_STATE
ADDED from src\main\AndroidManifest.xml:20:5-79
	android:name
		ADDED from src\main\AndroidManifest.xml:20:22-76
uses-permission#android.permission.READ_PHONE_STATE
ADDED from src\main\AndroidManifest.xml:21:5-75
	android:name
		ADDED from src\main\AndroidManifest.xml:21:22-72
uses-permission#android.permission.CALL_PHONE
ADDED from src\main\AndroidManifest.xml:22:5-70
	android:name
		ADDED from src\main\AndroidManifest.xml:22:23-67
uses-permission#android.permission.SYSTEM_ALERT_WINDOW
ADDED from src\main\AndroidManifest.xml:23:5-78
	android:name
		ADDED from src\main\AndroidManifest.xml:23:22-75
uses-permission#android.permission.GET_TASKS
ADDED from src\main\AndroidManifest.xml:24:5-68
	android:name
		ADDED from src\main\AndroidManifest.xml:24:22-65
uses-permission#android.permission.MOUNT_UNMOUNT_FILESYSTEMS
ADDED from src\main\AndroidManifest.xml:27:5-83
	android:name
		ADDED from src\main\AndroidManifest.xml:27:22-81
uses-permission#android.permission.ACCESS_WIFI_STATE
ADDED from src\main\AndroidManifest.xml:28:5-75
	android:name
		ADDED from src\main\AndroidManifest.xml:28:22-73
uses-permission#android.permission.ACCESS_FINE_LOCATION
ADDED from src\main\AndroidManifest.xml:29:5-78
	android:name
		ADDED from src\main\AndroidManifest.xml:29:22-76
uses-permission#android.permission.ACCESS_COARSE_LOCATION
ADDED from src\main\AndroidManifest.xml:30:5-80
	android:name
		ADDED from src\main\AndroidManifest.xml:30:22-78
uses-feature#android.hardware.camera
ADDED from src\main\AndroidManifest.xml:34:5-60
	android:name
		ADDED from src\main\AndroidManifest.xml:34:19-57
uses-permission#android.permission.CAMERA
ADDED from src\main\AndroidManifest.xml:35:5-65
	android:name
		ADDED from src\main\AndroidManifest.xml:35:22-62
uses-permission#android.hardware.camera.autofocus
ADDED from src\main\AndroidManifest.xml:36:5-73
	android:name
		ADDED from src\main\AndroidManifest.xml:36:22-70
uses-permission#android.permission.RECEIVE_SMS
ADDED from src\main\AndroidManifest.xml:39:5-70
	android:name
		ADDED from src\main\AndroidManifest.xml:39:22-67
uses-permission#android.permission.READ_SMS
ADDED from src\main\AndroidManifest.xml:40:5-67
	android:name
		ADDED from src\main\AndroidManifest.xml:40:22-64
uses-permission#android.permission.RECORD_VIDEO
ADDED from src\main\AndroidManifest.xml:43:5-70
	android:name
		ADDED from src\main\AndroidManifest.xml:43:22-68
application
ADDED from src\main\AndroidManifest.xml:45:5-228:19
	android:label
		ADDED from src\main\AndroidManifest.xml:48:9-41
	android:allowBackup
		ADDED from src\main\AndroidManifest.xml:46:9-35
	android:icon
		ADDED from src\main\AndroidManifest.xml:47:9-45
	android:theme
		ADDED from src\main\AndroidManifest.xml:49:9-40
activity#com.game.sdk.YTSDKActivity
ADDED from src\main\AndroidManifest.xml:51:9-62:20
	android:screenOrientation
		ADDED from src\main\AndroidManifest.xml:53:13-49
	android:label
		ADDED from src\main\AndroidManifest.xml:54:13-45
	android:name
		ADDED from src\main\AndroidManifest.xml:52:13-54
intent-filter#android.intent.action.MAIN+android.intent.category.LAUNCHER
ADDED from src\main\AndroidManifest.xml:58:13-61:29
action#android.intent.action.MAIN
ADDED from src\main\AndroidManifest.xml:59:17-69
	android:name
		ADDED from src\main\AndroidManifest.xml:59:25-66
category#android.intent.category.LAUNCHER
ADDED from src\main\AndroidManifest.xml:60:17-77
	android:name
		ADDED from src\main\AndroidManifest.xml:60:27-74
activity#com.game.sdk.ui.ChargeActivity
ADDED from src\main\AndroidManifest.xml:64:9-69:15
	android:screenOrientation
		ADDED from src\main\AndroidManifest.xml:66:19-55
	android:configChanges
		ADDED from src\main\AndroidManifest.xml:68:19-69
	android:theme
		ADDED from src\main\AndroidManifest.xml:65:19-72
	android:name
		ADDED from src\main\AndroidManifest.xml:64:19-64
	android:launchMode
		ADDED from src\main\AndroidManifest.xml:67:19-50
activity#com.game.sdk.ui.OnkeypayChargeNextActivity
ADDED from src\main\AndroidManifest.xml:70:9-73:65
	android:screenOrientation
		ADDED from src\main\AndroidManifest.xml:72:13-49
	android:configChanges
		ADDED from src\main\AndroidManifest.xml:73:13-63
	android:name
		ADDED from src\main\AndroidManifest.xml:71:13-70
activity#com.game.sdk.ui.MoblieCardNextDealActivity
ADDED from src\main\AndroidManifest.xml:75:9-79:15
	android:screenOrientation
		ADDED from src\main\AndroidManifest.xml:77:13-49
	android:configChanges
		ADDED from src\main\AndroidManifest.xml:78:13-63
	android:name
		ADDED from src\main\AndroidManifest.xml:76:13-70
activity#com.game.sdk.ui.LoginActivity
ADDED from src\main\AndroidManifest.xml:81:9-86:15
	android:screenOrientation
		ADDED from src\main\AndroidManifest.xml:84:19-55
	android:configChanges
		ADDED from src\main\AndroidManifest.xml:85:19-69
	android:theme
		ADDED from src\main\AndroidManifest.xml:82:19-89
	android:name
		ADDED from src\main\AndroidManifest.xml:81:19-63
	android:launchMode
		ADDED from src\main\AndroidManifest.xml:83:19-50
activity#com.game.sdk.floatwindow.FloatWebActivity
ADDED from src\main\AndroidManifest.xml:88:9-90:71
	android:configChanges
		ADDED from src\main\AndroidManifest.xml:90:19-69
	android:theme
		ADDED from src\main\AndroidManifest.xml:89:19-89
	android:name
		ADDED from src\main\AndroidManifest.xml:88:19-75
activity#com.alipay.sdk.auth.AuthActivity
ADDED from src\main\AndroidManifest.xml:93:9-98:20
	android:screenOrientation
		ADDED from src\main\AndroidManifest.xml:97:13-47
	android:configChanges
		ADDED from src\main\AndroidManifest.xml:95:13-74
	android:exported
		ADDED from src\main\AndroidManifest.xml:96:13-37
	android:name
		ADDED from src\main\AndroidManifest.xml:94:13-60
activity#com.alipay.sdk.app.H5PayActivity
ADDED from src\main\AndroidManifest.xml:101:9-107:20
	android:windowSoftInputMode
		ADDED from src\main\AndroidManifest.xml:106:13-67
	android:screenOrientation
		ADDED from src\main\AndroidManifest.xml:105:13-47
	android:configChanges
		ADDED from src\main\AndroidManifest.xml:103:13-74
	android:exported
		ADDED from src\main\AndroidManifest.xml:104:13-37
	android:name
		ADDED from src\main\AndroidManifest.xml:102:13-60
activity#com.game.sdk.ui.AlipayActivity
ADDED from src\main\AndroidManifest.xml:109:9-115:15
	android:screenOrientation
		ADDED from src\main\AndroidManifest.xml:112:19-55
	android:configChanges
		ADDED from src\main\AndroidManifest.xml:114:19-69
	android:theme
		ADDED from src\main\AndroidManifest.xml:111:19-65
	android:name
		ADDED from src\main\AndroidManifest.xml:109:19-64
	android:launchMode
		ADDED from src\main\AndroidManifest.xml:113:19-50
activity#com.game.sdk.ui.NowPayActivity
ADDED from src\main\AndroidManifest.xml:116:9-122:15
	android:screenOrientation
		ADDED from src\main\AndroidManifest.xml:119:19-55
	android:configChanges
		ADDED from src\main\AndroidManifest.xml:121:19-69
	android:theme
		ADDED from src\main\AndroidManifest.xml:118:19-65
	android:name
		ADDED from src\main\AndroidManifest.xml:116:19-64
	android:launchMode
		ADDED from src\main\AndroidManifest.xml:120:19-50
activity#com.game.sdk.ui.GameCurrencyActivity
ADDED from src\main\AndroidManifest.xml:124:9-129:15
	android:screenOrientation
		ADDED from src\main\AndroidManifest.xml:126:13-49
	android:configChanges
		ADDED from src\main\AndroidManifest.xml:128:13-63
	android:theme
		ADDED from src\main\AndroidManifest.xml:127:13-60
	android:name
		ADDED from src\main\AndroidManifest.xml:125:13-64
activity#com.ipaynow.plugin.activity.PayMethodActivity
ADDED from src\main\AndroidManifest.xml:131:9-137:20
	android:screenOrientation
		ADDED from src\main\AndroidManifest.xml:135:13-49
	android:configChanges
		ADDED from src\main\AndroidManifest.xml:134:13-63
	android:theme
		ADDED from src\main\AndroidManifest.xml:132:13-56
	android:exported
		ADDED from src\main\AndroidManifest.xml:136:13-37
	android:name
		ADDED from src\main\AndroidManifest.xml:133:13-73
activity#com.ipaynow.plugin.inner_plugin.prepay_plugin.activity.PrePayActivity
ADDED from src\main\AndroidManifest.xml:138:9-142:20
	android:windowSoftInputMode
		ADDED from src\main\AndroidManifest.xml:140:13-55
	android:screenOrientation
		ADDED from src\main\AndroidManifest.xml:141:13-49
	android:name
		ADDED from src\main\AndroidManifest.xml:139:13-97
activity#com.ipaynow.plugin.inner_plugin.prepay_plugin.activity.NotifyActivity
ADDED from src\main\AndroidManifest.xml:143:9-148:20
	android:screenOrientation
		ADDED from src\main\AndroidManifest.xml:147:13-49
	android:configChanges
		ADDED from src\main\AndroidManifest.xml:145:13-48
	android:exported
		ADDED from src\main\AndroidManifest.xml:146:13-37
	android:name
		ADDED from src\main\AndroidManifest.xml:144:13-97
activity#com.ipaynow.plugin.inner_plugin.wechatwp.activity.WeChatNotifyActivity
ADDED from src\main\AndroidManifest.xml:161:9-167:62
	android:screenOrientation
		ADDED from src\main\AndroidManifest.xml:166:13-47
	android:configChanges
		ADDED from src\main\AndroidManifest.xml:163:13-85
	android:theme
		ADDED from src\main\AndroidManifest.xml:167:13-59
	android:exported
		ADDED from src\main\AndroidManifest.xml:164:13-37
	android:name
		ADDED from src\main\AndroidManifest.xml:162:13-98
	android:launchMode
		ADDED from src\main\AndroidManifest.xml:165:13-43
activity#com.game.sdk.ui.PtbActivity
ADDED from src\main\AndroidManifest.xml:168:9-173:15
	android:screenOrientation
		ADDED from src\main\AndroidManifest.xml:170:13-49
	android:configChanges
		ADDED from src\main\AndroidManifest.xml:172:13-63
	android:theme
		ADDED from src\main\AndroidManifest.xml:171:13-60
	android:name
		ADDED from src\main\AndroidManifest.xml:169:13-55
service#com.game.sdk.YTAppService
ADDED from src\main\AndroidManifest.xml:176:9-180:19
	android:name
		ADDED from src\main\AndroidManifest.xml:176:18-58
intent-filter#HEHEHE
ADDED from src\main\AndroidManifest.xml:177:13-179:29
	android:priority
		ADDED from src\main\AndroidManifest.xml:177:28-51
action#HEHEHE
ADDED from src\main\AndroidManifest.xml:178:17-49
	android:name
		ADDED from src\main\AndroidManifest.xml:178:25-46
service#com.game.sdk.xutils.download.DownloadService
ADDED from src\main\AndroidManifest.xml:182:9-186:19
	android:name
		ADDED from src\main\AndroidManifest.xml:182:18-77
intent-filter#download.service.action
ADDED from src\main\AndroidManifest.xml:183:13-185:29
action#download.service.action
ADDED from src\main\AndroidManifest.xml:184:17-65
	android:name
		ADDED from src\main\AndroidManifest.xml:184:25-63
activity#com.payeco.android.plugin.PayecoPluginLoadingActivity
ADDED from src\main\AndroidManifest.xml:189:9-193:15
	android:screenOrientation
		ADDED from src\main\AndroidManifest.xml:192:13-49
	android:name
		ADDED from src\main\AndroidManifest.xml:190:13-81
	android:launchMode
		ADDED from src\main\AndroidManifest.xml:191:13-44
activity#com.payeco.android.plugin.PayecoCameraActivity
ADDED from src\main\AndroidManifest.xml:196:9-199:15
	android:screenOrientation
		ADDED from src\main\AndroidManifest.xml:198:13-49
	android:name
		ADDED from src\main\AndroidManifest.xml:197:13-74
activity#com.payeco.android.plugin.PayecoVedioActivity
ADDED from src\main\AndroidManifest.xml:202:9-206:15
	android:screenOrientation
		ADDED from src\main\AndroidManifest.xml:204:13-49
	android:process
		ADDED from src\main\AndroidManifest.xml:205:13-62
	android:name
		ADDED from src\main\AndroidManifest.xml:203:13-73
service#com.baidu.location.f
ADDED from src\main\AndroidManifest.xml:209:9-217:19
	android:process
		ADDED from src\main\AndroidManifest.xml:212:13-38
	android:enabled
		ADDED from src\main\AndroidManifest.xml:211:13-35
	android:name
		ADDED from src\main\AndroidManifest.xml:210:13-48
intent-filter#com.baidu.location.service_v2.2
ADDED from src\main\AndroidManifest.xml:213:13-216:29
action#com.baidu.location.service_v2.2
ADDED from src\main\AndroidManifest.xml:214:17-215:26
	android:name
		ADDED from src\main\AndroidManifest.xml:214:25-71
meta-data#com.baidu.lbsapi.API_KEY
ADDED from src\main\AndroidManifest.xml:220:9-222:56
	android:name
		ADDED from src\main\AndroidManifest.xml:221:13-52
	android:value
		ADDED from src\main\AndroidManifest.xml:222:13-53
meta-data#YW_APPID
ADDED from src\main\AndroidManifest.xml:224:9-64
	android:name
		ADDED from src\main\AndroidManifest.xml:224:20-43
	android:value
		ADDED from src\main\AndroidManifest.xml:224:44-61
meta-data#YW_GAMEID
ADDED from src\main\AndroidManifest.xml:225:9-65
	android:name
		ADDED from src\main\AndroidManifest.xml:225:20-44
	android:value
		ADDED from src\main\AndroidManifest.xml:225:45-62
meta-data#YW_AGENT
ADDED from src\main\AndroidManifest.xml:226:9-70
	android:name
		ADDED from src\main\AndroidManifest.xml:226:20-43
	android:value
		ADDED from src\main\AndroidManifest.xml:226:44-67